#
# A fatal error has been detected by the Java Runtime Environment:
#
#  Internal Error (classFileParser.cpp:3494), pid=11599, tid=3063229248
#  Error: ShouldNotReachHere()
#
# JRE version: 6.0_26-b03
# Java VM: Java HotSpot(TM) Server VM (20.1-b02 mixed mode linux-x86 )
# If you would like to submit a bug report, please visit:
#   http://java.sun.com/webapps/bugreport/crash.jsp
#

---------------  T H R E A D  ---------------

Current thread (0xb6805800):  JavaThread "Unknown thread" [_thread_in_vm, id=11606, stack(0xb6902000,0xb6953000)]

Stack: [0xb6902000,0xb6953000],  sp=0xb69517a0,  free space=317k
Native frames: (J=compiled Java code, j=interpreted, Vv=VM code, C=native code)
V  [libjvm.so+0x7248b0]  VMError::report_and_die()+0x2b0
V  [libjvm.so+0x2f69af]  report_should_not_reach_here(char const*, int)+0x3f
V  [libjvm.so+0x28cf2a]  ClassFileParser::parseClassFile(symbolHandle, Handle, Handle, KlassHandle, GrowableArray<Handle>*, symbolHandle&, bool, Thread*)+0x2d9a
V  [libjvm.so+0x292f71]  ClassLoader::load_classfile(symbolHandle, Thread*)+0x221
V  [libjvm.so+0x6b3d62]  SystemDictionary::load_instance_class(symbolHandle, Handle, Thread*)+0xf2
V  [libjvm.so+0x6b1dfe]  SystemDictionary::resolve_instance_class_or_null(symbolHandle, Handle, Handle, Thread*)+0x55e
V  [libjvm.so+0x6b0bc6]  SystemDictionary::resolve_or_null(symbolHandle, Handle, Handle, Thread*)+0x66
V  [libjvm.so+0x6b0830]  SystemDictionary::resolve_or_fail(symbolHandle, Handle, Handle, bool, Thread*)+0x30
V  [libjvm.so+0x6b564a]  SystemDictionary::initialize_wk_klass(SystemDictionary::WKID, int, Thread*)+0x6a
V  [libjvm.so+0x6b56dc]  SystemDictionary::initialize_wk_klasses_until(SystemDictionary::WKID, SystemDictionary::WKID&, Thread*)+0x4c
V  [libjvm.so+0x6b57a0]  SystemDictionary::initialize_preloaded_classes(Thread*)+0x70
V  [libjvm.so+0x6b5571]  SystemDictionary::initialize(Thread*)+0xe1
V  [libjvm.so+0x6fc35a]  Universe::genesis(Thread*)+0x4da
V  [libjvm.so+0x6fda1f]  universe2_init()+0x1f
V  [libjvm.so+0x3b8fb8]  init_globals()+0x98
V  [libjvm.so+0x6e53b2]  Threads::create_vm(JavaVMInitArgs*, bool*)+0x242
V  [libjvm.so+0x413bc6]  JNI_CreateJavaVM+0x56
C  [java+0x305c]
C  [java+0x1942]  JavaMain+0x72
C  [libpthread.so.0+0x6d4c]  short+0xcc


---------------  P R O C E S S  ---------------

Java Threads: ( => current thread )

Other Threads:

=>0xb6805800 (exited) JavaThread "Unknown thread" [_thread_in_vm, id=11606, stack(0xb6902000,0xb6953000)]

VM state:not at safepoint (not fully initialized)

VM Mutex/Monitor currently owned by a thread: None

Dynamic libraries:
08048000-08052000 r-xp 00000000 08:05 1445837    /usr/lib/jvm/java-6-sun-1.6.0.26/jre/bin/java
08052000-08053000 rwxp 00009000 08:05 1445837    /usr/lib/jvm/java-6-sun-1.6.0.26/jre/bin/java
084aa000-084cb000 rwxp 00000000 00:00 0          [heap]
7fc00000-7fc21000 rwxp 00000000 00:00 0 
7fc21000-7fd00000 ---p 00000000 00:00 0 
7fd9b000-7fe00000 r-xs 004cb000 08:07 921103     /home/alexander/SDK/android/android-sdk-linux_x86/platforms/android-8/android.jar
7fe00000-7fe21000 rwxp 00000000 00:00 0 
7fe21000-7ff00000 ---p 00000000 00:00 0 
7ff07000-7ff08000 ---p 00000000 00:00 0 
7ff08000-7ff88000 rwxp 00000000 00:00 0 
7ff88000-7ff89000 ---p 00000000 00:00 0 
7ff89000-80011000 rwxp 00000000 00:00 0 
80011000-80029000 rwxp 00000000 00:00 0 
80029000-80039000 rwxp 00000000 00:00 0 
80039000-80125000 rwxp 00000000 00:00 0 
80125000-8012d000 rwxp 00000000 00:00 0 
8012d000-80145000 rwxp 00000000 00:00 0 
80145000-80155000 rwxp 00000000 00:00 0 
80155000-80241000 rwxp 00000000 00:00 0 
80241000-80249000 rwxp 00000000 00:00 0 
80249000-802bf000 rwxp 00000000 00:00 0 
802bf000-812c0000 rwxp 00000000 00:00 0 
812c0000-842c0000 rwxp 00000000 00:00 0 
842c0000-86240000 rwxp 00000000 00:00 0 
86240000-a3ac0000 rwxp 00000000 00:00 0 
a3ac0000-a4a80000 rwxp 00000000 00:00 0 
a4a80000-b36c0000 rwxp 00000000 00:00 0 
b36c4000-b36cd000 rwxp 00000000 00:00 0 
b36cd000-b3784000 rwxp 00000000 00:00 0 
b3784000-b39c4000 rwxp 00000000 00:00 0 
b39c4000-b6784000 rwxp 00000000 00:00 0 
b6784000-b678f000 r-xp 00000000 08:05 1450066    /lib/i386-linux-gnu/libnss_files-2.15.so
b678f000-b6790000 r-xp 0000a000 08:05 1450066    /lib/i386-linux-gnu/libnss_files-2.15.so
b6790000-b6791000 rwxp 0000b000 08:05 1450066    /lib/i386-linux-gnu/libnss_files-2.15.so
b6791000-b679b000 r-xp 00000000 08:05 1463669    /lib/i386-linux-gnu/libnss_nis-2.15.so
b679b000-b679c000 r-xp 00009000 08:05 1463669    /lib/i386-linux-gnu/libnss_nis-2.15.so
b679c000-b679d000 rwxp 0000a000 08:05 1463669    /lib/i386-linux-gnu/libnss_nis-2.15.so
b679d000-b67b3000 r-xp 00000000 08:05 1450063    /lib/i386-linux-gnu/libnsl-2.15.so
b67b3000-b67b4000 r-xp 00015000 08:05 1450063    /lib/i386-linux-gnu/libnsl-2.15.so
b67b4000-b67b5000 rwxp 00016000 08:05 1450063    /lib/i386-linux-gnu/libnsl-2.15.so
b67b5000-b67b7000 rwxp 00000000 00:00 0 
b67b9000-b67c8000 r-xp 00000000 08:05 1445871    /usr/lib/jvm/java-6-sun-1.6.0.26/jre/lib/i386/libzip.so
b67c8000-b67ca000 rwxp 0000e000 08:05 1445871    /usr/lib/jvm/java-6-sun-1.6.0.26/jre/lib/i386/libzip.so
b67ca000-b67d2000 rwxs 00000000 08:05 677931     /tmp/hsperfdata_alexander/11599
b67d2000-b67f5000 r-xp 00000000 08:05 1445867    /usr/lib/jvm/java-6-sun-1.6.0.26/jre/lib/i386/libjava.so
b67f5000-b67f7000 rwxp 00023000 08:05 1445867    /usr/lib/jvm/java-6-sun-1.6.0.26/jre/lib/i386/libjava.so
b67f7000-b67fe000 r-xp 00000000 08:05 1463683    /lib/i386-linux-gnu/librt-2.15.so
b67fe000-b67ff000 r-xp 00006000 08:05 1463683    /lib/i386-linux-gnu/librt-2.15.so
b67ff000-b6800000 rwxp 00007000 08:05 1463683    /lib/i386-linux-gnu/librt-2.15.so
b6800000-b6874000 rwxp 00000000 00:00 0 
b6874000-b6900000 ---p 00000000 00:00 0 
b6902000-b6905000 ---p 00000000 00:00 0 
b6905000-b6953000 rwxp 00000000 00:00 0 
b6953000-b697d000 r-xp 00000000 08:05 1450061    /lib/i386-linux-gnu/libm-2.15.so
b697d000-b697e000 r-xp 00029000 08:05 1450061    /lib/i386-linux-gnu/libm-2.15.so
b697e000-b697f000 rwxp 0002a000 08:05 1450061    /lib/i386-linux-gnu/libm-2.15.so
b697f000-b7131000 r-xp 00000000 08:05 1445855    /usr/lib/jvm/java-6-sun-1.6.0.26/jre/lib/i386/server/libjvm.so
b7131000-b7185000 rwxp 007b1000 08:05 1445855    /usr/lib/jvm/java-6-sun-1.6.0.26/jre/lib/i386/server/libjvm.so
b7185000-b75a4000 rwxp 00000000 00:00 0 
b75a4000-b7743000 r-xp 00000000 08:05 1444227    /lib/i386-linux-gnu/libc-2.15.so
b7743000-b7745000 r-xp 0019f000 08:05 1444227    /lib/i386-linux-gnu/libc-2.15.so
b7745000-b7746000 rwxp 001a1000 08:05 1444227    /lib/i386-linux-gnu/libc-2.15.so
b7746000-b7749000 rwxp 00000000 00:00 0 
b7749000-b774c000 r-xp 00000000 08:05 1450060    /lib/i386-linux-gnu/libdl-2.15.so
b774c000-b774d000 r-xp 00002000 08:05 1450060    /lib/i386-linux-gnu/libdl-2.15.so
b774d000-b774e000 rwxp 00003000 08:05 1450060    /lib/i386-linux-gnu/libdl-2.15.so
b774e000-b7755000 r-xp 00000000 08:05 1445870    /usr/lib/jvm/java-6-sun-1.6.0.26/jre/lib/i386/jli/libjli.so
b7755000-b7757000 rwxp 00006000 08:05 1445870    /usr/lib/jvm/java-6-sun-1.6.0.26/jre/lib/i386/jli/libjli.so
b7757000-b7758000 rwxp 00000000 00:00 0 
b7758000-b776f000 r-xp 00000000 08:05 1463681    /lib/i386-linux-gnu/libpthread-2.15.so
b776f000-b7770000 r-xp 00016000 08:05 1463681    /lib/i386-linux-gnu/libpthread-2.15.so
b7770000-b7771000 rwxp 00017000 08:05 1463681    /lib/i386-linux-gnu/libpthread-2.15.so
b7771000-b7773000 rwxp 00000000 00:00 0 
b7777000-b777e000 r-xp 00000000 08:05 1450064    /lib/i386-linux-gnu/libnss_compat-2.15.so
b777e000-b777f000 r-xp 00006000 08:05 1450064    /lib/i386-linux-gnu/libnss_compat-2.15.so
b777f000-b7780000 rwxp 00007000 08:05 1450064    /lib/i386-linux-gnu/libnss_compat-2.15.so
b7780000-b7781000 rwxp 00000000 00:00 0 
b7781000-b7782000 r-xp 00000000 00:00 0 
b7782000-b778d000 r-xp 00000000 08:05 1445866    /usr/lib/jvm/java-6-sun-1.6.0.26/jre/lib/i386/libverify.so
b778d000-b778e000 rwxp 0000b000 08:05 1445866    /usr/lib/jvm/java-6-sun-1.6.0.26/jre/lib/i386/libverify.so
b778e000-b7790000 rwxp 00000000 00:00 0 
b7790000-b7791000 r-xp 00000000 00:00 0          [vdso]
b7791000-b77b1000 r-xp 00000000 08:05 1441306    /lib/i386-linux-gnu/ld-2.15.so
b77b1000-b77b2000 r-xp 0001f000 08:05 1441306    /lib/i386-linux-gnu/ld-2.15.so
b77b2000-b77b3000 rwxp 00020000 08:05 1441306    /lib/i386-linux-gnu/ld-2.15.so
bfb34000-bfb55000 rwxp 00000000 00:00 0          [stack]

VM Arguments:
jvm_args: -Dfile.encoding=UTF-8 -Xbootclasspath:/home/alexander/SDK/android/android-sdk-linux_x86/platforms/android-8/android.jar 
java_command: org.eclipse.jdt.internal.junit.runner.RemoteTestRunner -version 3 -port 50527 -testLoaderClass org.eclipse.jdt.internal.junit4.runner.JUnit4TestLoader -loaderpluginname org.eclipse.jdt.junit4.runtime -classNames ru.mbsl.fcdirektiva.test.TestModelClients
Launcher Type: SUN_STANDARD

Environment Variables:
PATH=/usr/lib/lightdm/lightdm:/usr/local/sbin:/usr/local/bin:/usr/sbin:/usr/bin:/sbin:/bin:/usr/games:/opt/apache-maven-3.0.3/bin:/usr/lib/jvm/java-6-sun/bin
LD_LIBRARY_PATH=/usr/lib/jvm/java-6-sun-1.6.0.26/jre/lib/i386/server:/usr/lib/jvm/java-6-sun-1.6.0.26/jre/lib/i386:/usr/lib/jvm/java-6-sun-1.6.0.26/jre/../lib/i386:/usr/lib/jvm/java-6-sun-1.6.0.26/jre/lib/i386/client:/usr/lib/jvm/java-6-sun-1.6.0.26/jre/lib/i386:
SHELL=/bin/bash
DISPLAY=:0.0

Signal Handlers:
SIGSEGV: [libjvm.so+0x725510], sa_mask[0]=0x7ffbfeff, sa_flags=0x10000004
SIGBUS: [libjvm.so+0x725510], sa_mask[0]=0x7ffbfeff, sa_flags=0x10000004
SIGFPE: [libjvm.so+0x5dff20], sa_mask[0]=0x7ffbfeff, sa_flags=0x10000004
SIGPIPE: [libjvm.so+0x5dff20], sa_mask[0]=0x7ffbfeff, sa_flags=0x10000004
SIGXFSZ: [libjvm.so+0x5dff20], sa_mask[0]=0x7ffbfeff, sa_flags=0x10000004
SIGILL: [libjvm.so+0x5dff20], sa_mask[0]=0x7ffbfeff, sa_flags=0x10000004
SIGUSR1: SIG_DFL, sa_mask[0]=0x00000000, sa_flags=0x00000000
SIGUSR2: [libjvm.so+0x5e3160], sa_mask[0]=0x00000004, sa_flags=0x10000004
SIGHUP: SIG_DFL, sa_mask[0]=0x00000000, sa_flags=0x00000000
SIGINT: SIG_DFL, sa_mask[0]=0x00000000, sa_flags=0x00000000
SIGTERM: SIG_DFL, sa_mask[0]=0x00000000, sa_flags=0x00000000
SIGQUIT: SIG_DFL, sa_mask[0]=0x00000000, sa_flags=0x00000000


---------------  S Y S T E M  ---------------

OS:wheezy/sid

uname:Linux 3.2.0-29-generic #46-Ubuntu SMP Fri Jul 27 17:04:05 UTC 2012 i686
libc:glibc 2.15 NPTL 2.15 
rlimit: STACK 8192k, CORE 0k, NPROC 24052, NOFILE 4096, AS infinity
load average:2.22 1.94 2.09

/proc/meminfo:
MemTotal:        3093268 kB
MemFree:          333752 kB
Buffers:           42252 kB
Cached:           534244 kB
SwapCached:        14204 kB
Active:          1773836 kB
Inactive:         856260 kB
Active(anon):    1512876 kB
Inactive(anon):   556212 kB
Active(file):     260960 kB
Inactive(file):   300048 kB
Unevictable:          16 kB
Mlocked:              16 kB
HighTotal:       2231564 kB
HighFree:          94300 kB
LowTotal:         861704 kB
LowFree:          239452 kB
SwapTotal:       3170300 kB
SwapFree:        3029448 kB
Dirty:               528 kB
Writeback:             0 kB
AnonPages:       2040712 kB
Mapped:           117484 kB
Shmem:             15120 kB
Slab:              67804 kB
SReclaimable:      45772 kB
SUnreclaim:        22032 kB
KernelStack:        4768 kB
PageTables:        13476 kB
NFS_Unstable:          0 kB
Bounce:                0 kB
WritebackTmp:          0 kB
CommitLimit:     4716932 kB
Committed_AS:    6101376 kB
VmallocTotal:     122880 kB
VmallocUsed:       58056 kB
VmallocChunk:      61208 kB
HardwareCorrupted:     0 kB
AnonHugePages:         0 kB
HugePages_Total:       0
HugePages_Free:        0
HugePages_Rsvd:        0
HugePages_Surp:        0
Hugepagesize:       4096 kB
DirectMap4k:      135160 kB
DirectMap4M:      774144 kB


CPU:total 2 (2 cores per cpu, 1 threads per core) family 6 model 23 stepping 6, cmov, cx8, fxsr, mmx, sse, sse2, sse3, ssse3, sse4.1

/proc/cpuinfo:
processor	: 0
vendor_id	: GenuineIntel
cpu family	: 6
model		: 23
model name	: Intel(R) Core(TM)2 Duo CPU     P8400  @ 2.26GHz
stepping	: 6
microcode	: 0x60c
cpu MHz		: 2267.000
cache size	: 3072 KB
physical id	: 0
siblings	: 2
core id		: 0
cpu cores	: 2
apicid		: 0
initial apicid	: 0
fdiv_bug	: no
hlt_bug		: no
f00f_bug	: no
coma_bug	: no
fpu		: yes
fpu_exception	: yes
cpuid level	: 10
wp		: yes
flags		: fpu vme de pse tsc msr pae mce cx8 apic mtrr pge mca cmov pat pse36 clflush dts acpi mmx fxsr sse sse2 ss ht tm pbe nx lm constant_tsc arch_perfmon pebs bts aperfmperf pni dtes64 monitor ds_cpl vmx smx est tm2 ssse3 cx16 xtpr pdcm sse4_1 lahf_lm dtherm tpr_shadow vnmi flexpriority
bogomips	: 4522.29
clflush size	: 64
cache_alignment	: 64
address sizes	: 36 bits physical, 48 bits virtual
power management:

processor	: 1
vendor_id	: GenuineIntel
cpu family	: 6
model		: 23
model name	: Intel(R) Core(TM)2 Duo CPU     P8400  @ 2.26GHz
stepping	: 6
microcode	: 0x60c
cpu MHz		: 2267.000
cache size	: 3072 KB
physical id	: 0
siblings	: 2
core id		: 1
cpu cores	: 2
apicid		: 1
initial apicid	: 1
fdiv_bug	: no
hlt_bug		: no
f00f_bug	: no
coma_bug	: no
fpu		: yes
fpu_exception	: yes
cpuid level	: 10
wp		: yes
flags		: fpu vme de pse tsc msr pae mce cx8 apic mtrr pge mca cmov pat pse36 clflush dts acpi mmx fxsr sse sse2 ss ht tm pbe nx lm constant_tsc arch_perfmon pebs bts aperfmperf pni dtes64 monitor ds_cpl vmx smx est tm2 ssse3 cx16 xtpr pdcm sse4_1 lahf_lm dtherm tpr_shadow vnmi flexpriority
bogomips	: 4522.48
clflush size	: 64
cache_alignment	: 64
address sizes	: 36 bits physical, 48 bits virtual
power management:



Memory: 4k page, physical 3093268k(333752k free), swap 3170300k(3029448k free)

vm_info: Java HotSpot(TM) Server VM (20.1-b02) for linux-x86 JRE (1.6.0_26-b03), built on May  4 2011 01:04:10 by "java_re" with gcc 3.2.1-7a (J2SE release)

time: Wed Sep 12 22:49:02 2012
elapsed time: 0 seconds

