#
# A fatal error has been detected by the Java Runtime Environment:
#
#  Internal Error (classFileParser.cpp:3494), pid=7123, tid=3063135040
#  Error: ShouldNotReachHere()
#
# JRE version: 6.0_26-b03
# Java VM: Java HotSpot(TM) Server VM (20.1-b02 mixed mode linux-x86 )
# If you would like to submit a bug report, please visit:
#   http://java.sun.com/webapps/bugreport/crash.jsp
#

---------------  T H R E A D  ---------------

Current thread (0xb6705800):  JavaThread "Unknown thread" [_thread_in_vm, id=7127, stack(0xb68eb000,0xb693c000)]

Stack: [0xb68eb000,0xb693c000],  sp=0xb693a7a0,  free space=317k
Native frames: (J=compiled Java code, j=interpreted, Vv=VM code, C=native code)
V  [libjvm.so+0x7248b0]  VMError::report_and_die()+0x2b0
V  [libjvm.so+0x2f69af]  report_should_not_reach_here(char const*, int)+0x3f
V  [libjvm.so+0x28cf2a]  ClassFileParser::parseClassFile(symbolHandle, Handle, Handle, KlassHandle, GrowableArray<Handle>*, symbolHandle&, bool, Thread*)+0x2d9a
V  [libjvm.so+0x292f71]  ClassLoader::load_classfile(symbolHandle, Thread*)+0x221
V  [libjvm.so+0x6b3d62]  SystemDictionary::load_instance_class(symbolHandle, Handle, Thread*)+0xf2
V  [libjvm.so+0x6b1dfe]  SystemDictionary::resolve_instance_class_or_null(symbolHandle, Handle, Handle, Thread*)+0x55e
V  [libjvm.so+0x6b0bc6]  SystemDictionary::resolve_or_null(symbolHandle, Handle, Handle, Thread*)+0x66
V  [libjvm.so+0x6b0830]  SystemDictionary::resolve_or_fail(symbolHandle, Handle, Handle, bool, Thread*)+0x30
V  [libjvm.so+0x6b564a]  SystemDictionary::initialize_wk_klass(SystemDictionary::WKID, int, Thread*)+0x6a
V  [libjvm.so+0x6b56dc]  SystemDictionary::initialize_wk_klasses_until(SystemDictionary::WKID, SystemDictionary::WKID&, Thread*)+0x4c
V  [libjvm.so+0x6b57a0]  SystemDictionary::initialize_preloaded_classes(Thread*)+0x70
V  [libjvm.so+0x6b5571]  SystemDictionary::initialize(Thread*)+0xe1
V  [libjvm.so+0x6fc35a]  Universe::genesis(Thread*)+0x4da
V  [libjvm.so+0x6fda1f]  universe2_init()+0x1f
V  [libjvm.so+0x3b8fb8]  init_globals()+0x98
V  [libjvm.so+0x6e53b2]  Threads::create_vm(JavaVMInitArgs*, bool*)+0x242
V  [libjvm.so+0x413bc6]  JNI_CreateJavaVM+0x56
C  [java+0x305c]
C  [java+0x1942]  JavaMain+0x72
C  [libpthread.so.0+0x6d4c]  short+0xcc


---------------  P R O C E S S  ---------------

Java Threads: ( => current thread )

Other Threads:

=>0xb6705800 (exited) JavaThread "Unknown thread" [_thread_in_vm, id=7127, stack(0xb68eb000,0xb693c000)]

VM state:not at safepoint (not fully initialized)

VM Mutex/Monitor currently owned by a thread: None

Dynamic libraries:
08048000-08052000 r-xp 00000000 08:05 1445837    /usr/lib/jvm/java-6-sun-1.6.0.26/jre/bin/java
08052000-08053000 rwxp 00009000 08:05 1445837    /usr/lib/jvm/java-6-sun-1.6.0.26/jre/bin/java
08ee4000-08f05000 rwxp 00000000 00:00 0          [heap]
7fc00000-7fc21000 rwxp 00000000 00:00 0 
7fc21000-7fd00000 ---p 00000000 00:00 0 
7fd1a000-7fd7f000 r-xs 004cb000 08:07 921103     /home/alexander/SDK/android/android-sdk-linux_x86/platforms/android-8/android.jar
7fd7f000-7fd80000 ---p 00000000 00:00 0 
7fd80000-7fe00000 rwxp 00000000 00:00 0 
7fe00000-7fe21000 rwxp 00000000 00:00 0 
7fe21000-7ff00000 ---p 00000000 00:00 0 
7ff28000-7ff29000 ---p 00000000 00:00 0 
7ff29000-7ffb9000 rwxp 00000000 00:00 0 
7ffb9000-800a5000 rwxp 00000000 00:00 0 
800a5000-800ad000 rwxp 00000000 00:00 0 
800ad000-800c5000 rwxp 00000000 00:00 0 
800c5000-800d5000 rwxp 00000000 00:00 0 
800d5000-801c1000 rwxp 00000000 00:00 0 
801c1000-801c9000 rwxp 00000000 00:00 0 
801c9000-8023f000 rwxp 00000000 00:00 0 
8023f000-81240000 rwxp 00000000 00:00 0 
81240000-84240000 rwxp 00000000 00:00 0 
84240000-861c0000 rwxp 00000000 00:00 0 
861c0000-a3a40000 rwxp 00000000 00:00 0 
a3a40000-a4a00000 rwxp 00000000 00:00 0 
a4a00000-b3640000 rwxp 00000000 00:00 0 
b3640000-b3649000 rwxp 00000000 00:00 0 
b3649000-b3700000 rwxp 00000000 00:00 0 
b3700000-b3940000 rwxp 00000000 00:00 0 
b3940000-b6774000 rwxp 00000000 00:00 0 
b6774000-b6800000 ---p 00000000 00:00 0 
b684f000-b6857000 rwxp 00000000 00:00 0 
b6857000-b686f000 rwxp 00000000 00:00 0 
b686f000-b687a000 r-xp 00000000 08:05 1450066    /lib/i386-linux-gnu/libnss_files-2.15.so
b687a000-b687b000 r-xp 0000a000 08:05 1450066    /lib/i386-linux-gnu/libnss_files-2.15.so
b687b000-b687c000 rwxp 0000b000 08:05 1450066    /lib/i386-linux-gnu/libnss_files-2.15.so
b687c000-b6886000 r-xp 00000000 08:05 1463669    /lib/i386-linux-gnu/libnss_nis-2.15.so
b6886000-b6887000 r-xp 00009000 08:05 1463669    /lib/i386-linux-gnu/libnss_nis-2.15.so
b6887000-b6888000 rwxp 0000a000 08:05 1463669    /lib/i386-linux-gnu/libnss_nis-2.15.so
b6888000-b689e000 r-xp 00000000 08:05 1450063    /lib/i386-linux-gnu/libnsl-2.15.so
b689e000-b689f000 r-xp 00015000 08:05 1450063    /lib/i386-linux-gnu/libnsl-2.15.so
b689f000-b68a0000 rwxp 00016000 08:05 1450063    /lib/i386-linux-gnu/libnsl-2.15.so
b68a0000-b68a2000 rwxp 00000000 00:00 0 
b68a4000-b68b3000 r-xp 00000000 08:05 1445871    /usr/lib/jvm/java-6-sun-1.6.0.26/jre/lib/i386/libzip.so
b68b3000-b68b5000 rwxp 0000e000 08:05 1445871    /usr/lib/jvm/java-6-sun-1.6.0.26/jre/lib/i386/libzip.so
b68b5000-b68bd000 rwxs 00000000 08:05 677925     /tmp/hsperfdata_alexander/7123
b68bd000-b68e0000 r-xp 00000000 08:05 1445867    /usr/lib/jvm/java-6-sun-1.6.0.26/jre/lib/i386/libjava.so
b68e0000-b68e2000 rwxp 00023000 08:05 1445867    /usr/lib/jvm/java-6-sun-1.6.0.26/jre/lib/i386/libjava.so
b68e2000-b68e9000 r-xp 00000000 08:05 1463683    /lib/i386-linux-gnu/librt-2.15.so
b68e9000-b68ea000 r-xp 00006000 08:05 1463683    /lib/i386-linux-gnu/librt-2.15.so
b68ea000-b68eb000 rwxp 00007000 08:05 1463683    /lib/i386-linux-gnu/librt-2.15.so
b68eb000-b68ee000 ---p 00000000 00:00 0 
b68ee000-b693c000 rwxp 00000000 00:00 0 
b693c000-b6966000 r-xp 00000000 08:05 1450061    /lib/i386-linux-gnu/libm-2.15.so
b6966000-b6967000 r-xp 00029000 08:05 1450061    /lib/i386-linux-gnu/libm-2.15.so
b6967000-b6968000 rwxp 0002a000 08:05 1450061    /lib/i386-linux-gnu/libm-2.15.so
b6968000-b711a000 r-xp 00000000 08:05 1445855    /usr/lib/jvm/java-6-sun-1.6.0.26/jre/lib/i386/server/libjvm.so
b711a000-b716e000 rwxp 007b1000 08:05 1445855    /usr/lib/jvm/java-6-sun-1.6.0.26/jre/lib/i386/server/libjvm.so
b716e000-b758d000 rwxp 00000000 00:00 0 
b758d000-b772c000 r-xp 00000000 08:05 1444227    /lib/i386-linux-gnu/libc-2.15.so
b772c000-b772e000 r-xp 0019f000 08:05 1444227    /lib/i386-linux-gnu/libc-2.15.so
b772e000-b772f000 rwxp 001a1000 08:05 1444227    /lib/i386-linux-gnu/libc-2.15.so
b772f000-b7732000 rwxp 00000000 00:00 0 
b7732000-b7735000 r-xp 00000000 08:05 1450060    /lib/i386-linux-gnu/libdl-2.15.so
b7735000-b7736000 r-xp 00002000 08:05 1450060    /lib/i386-linux-gnu/libdl-2.15.so
b7736000-b7737000 rwxp 00003000 08:05 1450060    /lib/i386-linux-gnu/libdl-2.15.so
b7737000-b773e000 r-xp 00000000 08:05 1445870    /usr/lib/jvm/java-6-sun-1.6.0.26/jre/lib/i386/jli/libjli.so
b773e000-b7740000 rwxp 00006000 08:05 1445870    /usr/lib/jvm/java-6-sun-1.6.0.26/jre/lib/i386/jli/libjli.so
b7740000-b7741000 rwxp 00000000 00:00 0 
b7741000-b7758000 r-xp 00000000 08:05 1463681    /lib/i386-linux-gnu/libpthread-2.15.so
b7758000-b7759000 r-xp 00016000 08:05 1463681    /lib/i386-linux-gnu/libpthread-2.15.so
b7759000-b775a000 rwxp 00017000 08:05 1463681    /lib/i386-linux-gnu/libpthread-2.15.so
b775a000-b775c000 rwxp 00000000 00:00 0 
b7760000-b7767000 r-xp 00000000 08:05 1450064    /lib/i386-linux-gnu/libnss_compat-2.15.so
b7767000-b7768000 r-xp 00006000 08:05 1450064    /lib/i386-linux-gnu/libnss_compat-2.15.so
b7768000-b7769000 rwxp 00007000 08:05 1450064    /lib/i386-linux-gnu/libnss_compat-2.15.so
b7769000-b776a000 rwxp 00000000 00:00 0 
b776a000-b776b000 r-xp 00000000 00:00 0 
b776b000-b7776000 r-xp 00000000 08:05 1445866    /usr/lib/jvm/java-6-sun-1.6.0.26/jre/lib/i386/libverify.so
b7776000-b7777000 rwxp 0000b000 08:05 1445866    /usr/lib/jvm/java-6-sun-1.6.0.26/jre/lib/i386/libverify.so
b7777000-b7779000 rwxp 00000000 00:00 0 
b7779000-b777a000 r-xp 00000000 00:00 0          [vdso]
b777a000-b779a000 r-xp 00000000 08:05 1441306    /lib/i386-linux-gnu/ld-2.15.so
b779a000-b779b000 r-xp 0001f000 08:05 1441306    /lib/i386-linux-gnu/ld-2.15.so
b779b000-b779c000 rwxp 00020000 08:05 1441306    /lib/i386-linux-gnu/ld-2.15.so
bfa71000-bfa92000 rwxp 00000000 00:00 0          [stack]

VM Arguments:
jvm_args: -Dfile.encoding=UTF-8 -Xbootclasspath:/home/alexander/SDK/android/android-sdk-linux_x86/platforms/android-8/android.jar 
java_command: org.eclipse.jdt.internal.junit.runner.RemoteTestRunner -version 3 -port 41898 -testLoaderClass org.eclipse.jdt.internal.junit4.runner.JUnit4TestLoader -loaderpluginname org.eclipse.jdt.junit4.runtime -classNames ru.mbsl.fcdirektiva.test.TestModelClients
Launcher Type: SUN_STANDARD

Environment Variables:
PATH=/usr/lib/lightdm/lightdm:/usr/local/sbin:/usr/local/bin:/usr/sbin:/usr/bin:/sbin:/bin:/usr/games:/opt/apache-maven-3.0.3/bin:/usr/lib/jvm/java-6-sun/bin
LD_LIBRARY_PATH=/usr/lib/jvm/java-6-sun-1.6.0.26/jre/lib/i386/server:/usr/lib/jvm/java-6-sun-1.6.0.26/jre/lib/i386:/usr/lib/jvm/java-6-sun-1.6.0.26/jre/../lib/i386:/usr/lib/jvm/java-6-sun-1.6.0.26/jre/lib/i386/client:/usr/lib/jvm/java-6-sun-1.6.0.26/jre/lib/i386:
SHELL=/bin/bash
DISPLAY=:0.0

Signal Handlers:
SIGSEGV: [libjvm.so+0x725510], sa_mask[0]=0x7ffbfeff, sa_flags=0x10000004
SIGBUS: [libjvm.so+0x725510], sa_mask[0]=0x7ffbfeff, sa_flags=0x10000004
SIGFPE: [libjvm.so+0x5dff20], sa_mask[0]=0x7ffbfeff, sa_flags=0x10000004
SIGPIPE: [libjvm.so+0x5dff20], sa_mask[0]=0x7ffbfeff, sa_flags=0x10000004
SIGXFSZ: [libjvm.so+0x5dff20], sa_mask[0]=0x7ffbfeff, sa_flags=0x10000004
SIGILL: [libjvm.so+0x5dff20], sa_mask[0]=0x7ffbfeff, sa_flags=0x10000004
SIGUSR1: SIG_DFL, sa_mask[0]=0x00000000, sa_flags=0x00000000
SIGUSR2: [libjvm.so+0x5e3160], sa_mask[0]=0x00000004, sa_flags=0x10000004
SIGHUP: SIG_DFL, sa_mask[0]=0x00000000, sa_flags=0x00000000
SIGINT: SIG_DFL, sa_mask[0]=0x00000000, sa_flags=0x00000000
SIGTERM: SIG_DFL, sa_mask[0]=0x00000000, sa_flags=0x00000000
SIGQUIT: SIG_DFL, sa_mask[0]=0x00000000, sa_flags=0x00000000


---------------  S Y S T E M  ---------------

OS:wheezy/sid

uname:Linux 3.2.0-29-generic #46-Ubuntu SMP Fri Jul 27 17:04:05 UTC 2012 i686
libc:glibc 2.15 NPTL 2.15 
rlimit: STACK 8192k, CORE 0k, NPROC 24052, NOFILE 4096, AS infinity
load average:1.78 1.75 1.69

/proc/meminfo:
MemTotal:        3093268 kB
MemFree:          278808 kB
Buffers:          118280 kB
Cached:           701024 kB
SwapCached:         5236 kB
Active:          1759384 kB
Inactive:         909388 kB
Active(anon):    1364556 kB
Inactive(anon):   500352 kB
Active(file):     394828 kB
Inactive(file):   409036 kB
Unevictable:          16 kB
Mlocked:              16 kB
HighTotal:       2231564 kB
HighFree:          68508 kB
LowTotal:         861704 kB
LowFree:          210300 kB
SwapTotal:       3170300 kB
SwapFree:        3079908 kB
Dirty:               448 kB
Writeback:             0 kB
AnonPages:       1844832 kB
Mapped:           140668 kB
Shmem:             15300 kB
Slab:              84872 kB
SReclaimable:      62792 kB
SUnreclaim:        22080 kB
KernelStack:        4616 kB
PageTables:        13052 kB
NFS_Unstable:          0 kB
Bounce:                0 kB
WritebackTmp:          0 kB
CommitLimit:     4716932 kB
Committed_AS:    5893716 kB
VmallocTotal:     122880 kB
VmallocUsed:       58056 kB
VmallocChunk:      61208 kB
HardwareCorrupted:     0 kB
AnonHugePages:         0 kB
HugePages_Total:       0
HugePages_Free:        0
HugePages_Rsvd:        0
HugePages_Surp:        0
Hugepagesize:       4096 kB
DirectMap4k:      135160 kB
DirectMap4M:      774144 kB


CPU:total 2 (2 cores per cpu, 1 threads per core) family 6 model 23 stepping 6, cmov, cx8, fxsr, mmx, sse, sse2, sse3, ssse3, sse4.1

/proc/cpuinfo:
processor	: 0
vendor_id	: GenuineIntel
cpu family	: 6
model		: 23
model name	: Intel(R) Core(TM)2 Duo CPU     P8400  @ 2.26GHz
stepping	: 6
microcode	: 0x60c
cpu MHz		: 800.000
cache size	: 3072 KB
physical id	: 0
siblings	: 2
core id		: 0
cpu cores	: 2
apicid		: 0
initial apicid	: 0
fdiv_bug	: no
hlt_bug		: no
f00f_bug	: no
coma_bug	: no
fpu		: yes
fpu_exception	: yes
cpuid level	: 10
wp		: yes
flags		: fpu vme de pse tsc msr pae mce cx8 apic mtrr pge mca cmov pat pse36 clflush dts acpi mmx fxsr sse sse2 ss ht tm pbe nx lm constant_tsc arch_perfmon pebs bts aperfmperf pni dtes64 monitor ds_cpl vmx smx est tm2 ssse3 cx16 xtpr pdcm sse4_1 lahf_lm dtherm tpr_shadow vnmi flexpriority
bogomips	: 4522.29
clflush size	: 64
cache_alignment	: 64
address sizes	: 36 bits physical, 48 bits virtual
power management:

processor	: 1
vendor_id	: GenuineIntel
cpu family	: 6
model		: 23
model name	: Intel(R) Core(TM)2 Duo CPU     P8400  @ 2.26GHz
stepping	: 6
microcode	: 0x60c
cpu MHz		: 2267.000
cache size	: 3072 KB
physical id	: 0
siblings	: 2
core id		: 1
cpu cores	: 2
apicid		: 1
initial apicid	: 1
fdiv_bug	: no
hlt_bug		: no
f00f_bug	: no
coma_bug	: no
fpu		: yes
fpu_exception	: yes
cpuid level	: 10
wp		: yes
flags		: fpu vme de pse tsc msr pae mce cx8 apic mtrr pge mca cmov pat pse36 clflush dts acpi mmx fxsr sse sse2 ss ht tm pbe nx lm constant_tsc arch_perfmon pebs bts aperfmperf pni dtes64 monitor ds_cpl vmx smx est tm2 ssse3 cx16 xtpr pdcm sse4_1 lahf_lm dtherm tpr_shadow vnmi flexpriority
bogomips	: 4522.48
clflush size	: 64
cache_alignment	: 64
address sizes	: 36 bits physical, 48 bits virtual
power management:



Memory: 4k page, physical 3093268k(278808k free), swap 3170300k(3079908k free)

vm_info: Java HotSpot(TM) Server VM (20.1-b02) for linux-x86 JRE (1.6.0_26-b03), built on May  4 2011 01:04:10 by "java_re" with gcc 3.2.1-7a (J2SE release)

time: Wed Sep 12 16:05:24 2012
elapsed time: 0 seconds

